c:\users\fko2447040\documents\github\arrowcarry\arrowcarry\x64\debug\vc143.pdb
c:\users\fko2447040\documents\github\arrowcarry\arrowcarry\x64\debug\vc143.idb
c:\users\fko2447040\documents\github\arrowcarry\arrowcarry\x64\debug\main.obj
c:\users\fko2447040\documents\github\arrowcarry\arrowcarry\x64\debug\scenetitle.obj
c:\users\fko2447040\documents\github\arrowcarry\arrowcarry\x64\debug\scenegame.obj
c:\users\fko2447040\documents\github\arrowcarry\arrowcarry\x64\debug\map.obj
c:\users\fko2447040\documents\github\arrowcarry\arrowcarry\x64\debug\player.obj
c:\users\fko2447040\documents\github\arrowcarry\arrowcarry\x64\debug\arrow.obj
c:\users\fko2447040\documents\github\arrowcarry\arrowcarry\x64\debug\sceneresult.obj
c:\users\suginoyusei\documents\github\arrowcarry\arrowcarry\x64\debug\vc143.pdb
c:\users\suginoyusei\documents\github\arrowcarry\arrowcarry\x64\debug\vc143.idb
c:\users\suginoyusei\documents\github\arrowcarry\arrowcarry\x64\debug\scenetitle.obj
c:\users\suginoyusei\documents\github\arrowcarry\arrowcarry\x64\debug\sceneresult.obj
c:\users\suginoyusei\documents\github\arrowcarry\arrowcarry\x64\debug\player.obj
c:\users\suginoyusei\documents\github\arrowcarry\arrowcarry\x64\debug\main.obj
c:\users\suginoyusei\documents\github\arrowcarry\arrowcarry\x64\debug\arrow.obj
c:\users\suginoyusei\documents\github\arrowcarry\arrowcarry\x64\debug\scenegame.obj
c:\users\suginoyusei\documents\github\arrowcarry\arrowcarry\x64\debug\map.obj
c:\users\fko2447040\documents\github\arrowcarry\arrowcarry\x64\debug\arrowcarry.exe
c:\users\fko2447040\documents\github\arrowcarry\arrowcarry\x64\debug\arrowcarry.ilk
c:\users\fko2447040\documents\github\arrowcarry\arrowcarry\x64\debug\arrowcarry.pdb
c:\users\suginoyusei\documents\github\arrowcarry\arrowcarry\x64\debug\mapchip.obj
c:\users\suginoyusei\documents\github\arrowcarry\arrowcarry\x64\debug\vec2.obj
c:\users\suginoyusei\documents\github\arrowcarry\arrowcarry\x64\debug\arrow.obj.enc
c:\users\suginoyusei\documents\github\arrowcarry\arrowcarry\x64\debug\arrowcarry.ilk
c:\users\suginoyusei\documents\github\arrowcarry\arrowcarry\x64\debug\arrowcarry.pdb
c:\users\suginoyusei\documents\github\arrowcarry\arrowcarry\x64\debug\arrowcarry.exe
c:\users\suginoyusei\documents\github\arrowcarry\arrowcarry\x64\debug\arrowcarry.tlog\cl.command.1.tlog
c:\users\suginoyusei\documents\github\arrowcarry\arrowcarry\x64\debug\arrowcarry.tlog\cl.read.1.tlog
c:\users\suginoyusei\documents\github\arrowcarry\arrowcarry\x64\debug\arrowcarry.tlog\cl.write.1.tlog
c:\users\suginoyusei\documents\github\arrowcarry\arrowcarry\x64\debug\arrowcarry.tlog\link.command.1.tlog
c:\users\suginoyusei\documents\github\arrowcarry\arrowcarry\x64\debug\arrowcarry.tlog\link.read.1.tlog
c:\users\suginoyusei\documents\github\arrowcarry\arrowcarry\x64\debug\arrowcarry.tlog\link.write.1.tlog
